<?xml version="1.0" encoding="UTF-8"?>
<!-- Generated by org.testng.reporters.JUnitReportReporter -->
<testsuite hostname="DESKTOP-SCL1HOL" failures="0" tests="1" name="FullAutomation.LandingPage" time="9.202" errors="0" timestamp="2020-07-26T20:23:38 IST" skipped="0">
  <testcase classname="FullAutomation.LandingPage" name="firstpage" time="9.202"/>
  <system-out/>
</testsuite> <!-- FullAutomation.LandingPage -->
