<?xml version="1.0" encoding="UTF-8"?>
<!-- Generated by org.testng.reporters.JUnitReportReporter -->
<testsuite hostname="DESKTOP-SCL1HOL" failures="0" tests="1" name="testRunner.TestRunner" time="21.567" errors="0" timestamp="2020-07-29T20:38:03 IST" skipped="0">
  <testcase classname="testRunner.TestRunner" name="feature" time="21.567"/>
  <system-out/>
</testsuite> <!-- testRunner.TestRunner -->
