<?xml version="1.0" encoding="UTF-8"?>
<!-- Generated by org.testng.reporters.JUnitReportReporter -->
<testsuite hostname="DESKTOP-SCL1HOL" failures="0" tests="1" name="testRunner.TestRunner" time="15.794" errors="0" timestamp="2020-07-29T20:46:02 IST" skipped="0">
  <testcase classname="testRunner.TestRunner" name="feature" time="15.794"/>
  <system-out/>
</testsuite> <!-- testRunner.TestRunner -->
