<?xml version="1.0" encoding="UTF-8"?>
<!-- Generated by org.testng.reporters.JUnitReportReporter -->
<testsuite hostname="DESKTOP-SCL1HOL" failures="0" tests="2" name="FullAutomation.overall" time="10.688" errors="0" timestamp="2020-07-29T20:38:42 IST" skipped="0">
  <testcase classname="FullAutomation.overall" name="firstpage" time="6.601"/>
  <system-out/>
  <testcase classname="FullAutomation.overall" name="firstpage" time="4.087"/>
  <system-out/>
</testsuite> <!-- FullAutomation.overall -->
